<?xml version="1.0" encoding="UTF-8"?>
<!-- Generated by org.testng.reporters.JUnitReportReporter -->
<testsuite hostname="DESKTOP-MEQQDCQ" failures="0" tests="7" name="com.phptravelsnew.scripts.AdminBackEndTestClass" time="84.842" errors="0" timestamp="2022-05-19T22:14:00 GST" skipped="0">
  <testcase classname="com.phptravelsnew.scripts.AdminBackEndTestClass" name="VerifyAdminlogin" time="17.956"/>
  <system-out/>
  <testcase classname="com.phptravelsnew.scripts.AdminBackEndTestClass" name="Test_bookingslink" time="16.553"/>
  <system-out/>
  <testcase classname="com.phptravelsnew.scripts.AdminBackEndTestClass" name="Display_Invoice" time="11.344"/>
  <system-out/>
  <testcase classname="com.phptravelsnew.scripts.AdminBackEndTestClass" name="Delete_Record" time="13.566"/>
  <system-out/>
  <testcase classname="com.phptravelsnew.scripts.AdminBackEndTestClass" name="test_websiteLink" time="14.328"/>
  <system-out/>
  <testcase classname="com.phptravelsnew.scripts.AdminBackEndTestClass" name="BookingStatus_Change" time="3.717"/>
  <system-out/>
  <testcase classname="com.phptravelsnew.scripts.AdminBackEndTestClass" name="VerifyAdminLogout" time="7.378"/>
  <system-out/>
</testsuite> <!-- com.phptravelsnew.scripts.AdminBackEndTestClass -->
