<?xml version="1.0" encoding="UTF-8"?>
<!-- Generated by org.testng.reporters.JUnitReportReporter -->
<testsuite hostname="DESKTOP-MEQQDCQ" failures="0" tests="7" name="com.phptravelsnew.scripts.Supplier_TestClass" time="80.102" errors="0" timestamp="2022-05-20T00:41:00 GST" skipped="0">
  <testcase classname="com.phptravelsnew.scripts.Supplier_TestClass" name="VerifySupplier_login" time="20.046"/>
  <system-out/>
  <testcase classname="com.phptravelsnew.scripts.Supplier_TestClass" name="Booking_status_Change" time="22.406"/>
  <system-out/>
  <testcase classname="com.phptravelsnew.scripts.Supplier_TestClass" name="dashboard_salesview" time="2.089"/>
  <system-out/>
  <testcase classname="com.phptravelsnew.scripts.Supplier_TestClass" name="RevenuebreakDown_GraphCheck" time="2.460"/>
  <system-out/>
  <testcase classname="com.phptravelsnew.scripts.Supplier_TestClass" name="ToursLink_click" time="11.024"/>
  <system-out/>
  <testcase classname="com.phptravelsnew.scripts.Supplier_TestClass" name="Booking_linkClick" time="7.234"/>
  <system-out/>
  <testcase classname="com.phptravelsnew.scripts.Supplier_TestClass" name="logout_Supplier" time="14.843"/>
  <system-out/>
</testsuite> <!-- com.phptravelsnew.scripts.Supplier_TestClass -->
