<?xml version="1.0" encoding="UTF-8"?>
<!-- Generated by org.testng.reporters.JUnitReportReporter -->
<testsuite hostname="DESKTOP-MEQQDCQ" failures="0" tests="1" name="com.phptravelsnew.scripts.SupplierTestClass" time="12.133" errors="0" timestamp="2022-05-20T00:29:10 GST" skipped="0">
  <testcase classname="com.phptravelsnew.scripts.SupplierTestClass" name="VerifySupplier_login_page" time="12.133"/>
  <system-out/>
</testsuite> <!-- com.phptravelsnew.scripts.SupplierTestClass -->
