<?xml version="1.0" encoding="UTF-8"?>
<!-- Generated by org.testng.reporters.JUnitReportReporter -->
<testsuite hostname="DESKTOP-MEQQDCQ" failures="0" tests="8" name="com.phptravelsnew.scripts.AgentFrontEndTestClass" time="128.865" errors="0" timestamp="2022-05-19T20:35:24 GST" skipped="0">
  <testcase classname="com.phptravelsnew.scripts.AgentFrontEndTestClass" name="VerifyAfLoginpage" time="18.302"/>
  <system-out/>
  <testcase classname="com.phptravelsnew.scripts.AgentFrontEndTestClass" name="VerifyAfMybooking" time="3.650"/>
  <system-out/>
  <testcase classname="com.phptravelsnew.scripts.AgentFrontEndTestClass" name="VerifyAfAddfund" time="3.116"/>
  <system-out/>
  <testcase classname="com.phptravelsnew.scripts.AgentFrontEndTestClass" name="VerifyAfMyprofile" time="3.997"/>
  <system-out/>
  <testcase classname="com.phptravelsnew.scripts.AgentFrontEndTestClass" name="VerifyAfHomepage" time="8.397"/>
  <system-out/>
  <testcase classname="com.phptravelsnew.scripts.AgentFrontEndTestClass" name="VerifyAfhomeHotelsearch" time="21.245"/>
  <system-out/>
  <testcase classname="com.phptravelsnew.scripts.AgentFrontEndTestClass" name="VerifyAgentFrontftvbo" time="62.873"/>
  <system-out/>
  <testcase classname="com.phptravelsnew.scripts.AgentFrontEndTestClass" name="VerifyAgentFrontLogout" time="7.285"/>
  <system-out/>
</testsuite> <!-- com.phptravelsnew.scripts.AgentFrontEndTestClass -->
